<?xml version="1.0" encoding="UTF-8"?>
<!-- Generated by org.testng.reporters.JUnitReportReporter -->
<testsuite skipped="0" hostname="DESKTOP-90USLHT" name="com.shijie.testScripts.TestRegister" tests="1" failures="0" timestamp="05 七月 2019 06:33:47 GMT" time="86.742" errors="0">
  <testcase name="test_register_sucess" time="86.742" classname="com.shijie.testScripts.TestRegister"/>
</testsuite> <!-- com.shijie.testScripts.TestRegister -->
