<?xml version="1.0" encoding="UTF-8"?>
<!-- Generated by org.testng.reporters.JUnitReportReporter -->
<testsuite skipped="0" hostname="DESKTOP-90USLHT" name="com.shijie.testScripts.TestRegister" tests="1" failures="0" timestamp="09 七月 2019 08:37:08 GMT" time="85.912" errors="0">
  <testcase name="test_register_sucess" time="85.912" classname="com.shijie.testScripts.TestRegister"/>
</testsuite> <!-- com.shijie.testScripts.TestRegister -->
