<?xml version="1.0" encoding="UTF-8"?>
<!-- Generated by org.testng.reporters.JUnitReportReporter -->
<testsuite skipped="0" hostname="DESKTOP-90USLHT" name="com.shijie.testScripts.TestRegister" tests="1" failures="0" timestamp="23 七月 2019 01:58:08 GMT" time="82.564" errors="0">
  <testcase name="test_register_sucess" time="82.564" classname="com.shijie.testScripts.TestRegister"/>
</testsuite> <!-- com.shijie.testScripts.TestRegister -->
